<?xml version="1.0" encoding="UTF-8" ?>
<testsuite tests="9" failures="0" name="cucumber.AlkuApp.RunCukesTest" time="0.004" errors="0" skipped="0">
  <properties>
[...]
</properties>
  <testcase classname="Scenario: Viewing a Curso" name="Given User is on Login Page" time="0.003"/>
  <testcase classname="Scenario: Viewing a Curso" name="And User enters &quot;eimj05@icloud.com&quot; and &quot;jordan23&quot;" time="0"/>
  <testcase classname="Scenario: Viewing a Curso" name="Then Message displayed login Successfully" time="0.001"/>
  <testcase classname="Scenario: Viewing a Curso" name="Given User is on Cursos Screen" time="0"/>
  <testcase classname="Scenario: Viewing a Curso" name="When User click to view a Curso 11" time="0"/>
  <testcase classname="Scenario: Viewing a Curso" name="Then Curso &quot;Testing Nombre Curso 1&quot; should exist" time="0"/>
  <testcase classname="Scenario: Viewing a Curso" name="When User Logout from the Application" time="0"/>
  <testcase classname="Scenario: Viewing a Curso" name="Then Message displayed Logout Succesfully" time="0"/>
  <testcase classname="Scenario: Viewing a Curso" name="Scenario: Viewing a Curso" time="0"/>
</testsuite>